2025-03-04 21:21:28 - Array
(
)

2025-03-04 21:21:30 - Array
(
    [csrf_token] => e74c1e5f07c9b1e7cd75ad50e3cfc9898c8e79dfee47e5f76be59068f5276b62
    [new_status] => Oczekiwanie na części
    [notes] => 
)

2025-03-04 21:23:09 - Array
(
)

2025-03-04 21:35:29 - Array
(
)

2025-03-04 21:35:37 - Array
(
    [csrf_token] => e74c1e5f07c9b1e7cd75ad50e3cfc9898c8e79dfee47e5f76be59068f5276b62
    [new_status] => Oczekiwanie na części
    [notes] => 
)

2025-03-04 21:35:48 - Array
(
)

2025-03-04 21:35:53 - Array
(
)

